[2022-08-30 00:08:08] local.ERROR: Object of class App\Http\Controllers\API\Admin\EquipmentController could not be converted to string {"exception":"[object] (Error(code: 0): Object of class App\\Http\\Controllers\\API\\Admin\\EquipmentController could not be converted to string at /opt/lampp/htdocs/applications/rental-system/app/Http/Controllers/API/Admin/EquipmentController.php:74)
[stacktrace]
#0 /opt/lampp/htdocs/applications/rental-system/vendor/laravel/framework/src/Illuminate/Routing/Controller.php(54): App\\Http\\Controllers\\API\\Admin\\EquipmentController->show('73a80430-27f7-1...')
#1 /opt/lampp/htdocs/applications/rental-system/vendor/laravel/framework/src/Illuminate/Routing/ControllerDispatcher.php(45): Illuminate\\Routing\\Controller->callAction('show', Array)
#2 /opt/lampp/htdocs/applications/rental-system/vendor/laravel/framework/src/Illuminate/Routing/Route.php(261): Illuminate\\Routing\\ControllerDispatcher->dispatch(Object(Illuminate\\Routing\\Route), Object(App\\Http\\Controllers\\API\\Admin\\EquipmentController), 'show')
#3 /opt/lampp/htdocs/applications/rental-system/vendor/laravel/framework/src/Illuminate/Routing/Route.php(204): Illuminate\\Routing\\Route->runController()
#4 /opt/lampp/htdocs/applications/rental-system/vendor/laravel/framework/src/Illuminate/Routing/Router.php(725): Illuminate\\Routing\\Route->run()
#5 /opt/lampp/htdocs/applications/rental-system/vendor/laravel/framework/src/Illuminate/Pipeline/Pipeline.php(141): Illuminate\\Routing\\Router->Illuminate\\Routing\\{closure}(Object(Illuminate\\Http\\Request))
#6 /opt/lampp/htdocs/applications/rental-system/vendor/laravel/framework/src/Illuminate/Routing/Middleware/SubstituteBindings.php(50): Illuminate\\Pipeline\\Pipeline->Illuminate\\Pipeline\\{closure}(Object(Illuminate\\Http\\Request))
#7 /opt/lampp/htdocs/applications/rental-system/vendor/laravel/framework/src/Illuminate/Pipeline/Pipeline.php(180): Illuminate\\Routing\\Middleware\\SubstituteBindings->handle(Object(Illuminate\\Http\\Request), Object(Closure))
#8 /opt/lampp/htdocs/applications/rental-system/vendor/laravel/framework/src/Illuminate/Routing/Middleware/ThrottleRequests.php(126): Illuminate\\Pipeline\\Pipeline->Illuminate\\Pipeline\\{closure}(Object(Illuminate\\Http\\Request))
#9 /opt/lampp/htdocs/applications/rental-system/vendor/laravel/framework/src/Illuminate/Routing/Middleware/ThrottleRequests.php(102): Illuminate\\Routing\\Middleware\\ThrottleRequests->handleRequest(Object(Illuminate\\Http\\Request), Object(Closure), Array)
#10 /opt/lampp/htdocs/applications/rental-system/vendor/laravel/framework/src/Illuminate/Routing/Middleware/ThrottleRequests.php(54): Illuminate\\Routing\\Middleware\\ThrottleRequests->handleRequestUsingNamedLimiter(Object(Illuminate\\Http\\Request), Object(Closure), 'api', Object(Closure))
#11 /opt/lampp/htdocs/applications/rental-system/vendor/laravel/framework/src/Illuminate/Pipeline/Pipeline.php(180): Illuminate\\Routing\\Middleware\\ThrottleRequests->handle(Object(Illuminate\\Http\\Request), Object(Closure), 'api')
#12 /opt/lampp/htdocs/applications/rental-system/vendor/laravel/framework/src/Illuminate/Pipeline/Pipeline.php(116): Illuminate\\Pipeline\\Pipeline->Illuminate\\Pipeline\\{closure}(Object(Illuminate\\Http\\Request))
#13 /opt/lampp/htdocs/applications/rental-system/vendor/laravel/framework/src/Illuminate/Routing/Router.php(726): Illuminate\\Pipeline\\Pipeline->then(Object(Closure))
#14 /opt/lampp/htdocs/applications/rental-system/vendor/laravel/framework/src/Illuminate/Routing/Router.php(703): Illuminate\\Routing\\Router->runRouteWithinStack(Object(Illuminate\\Routing\\Route), Object(Illuminate\\Http\\Request))
#15 /opt/lampp/htdocs/applications/rental-system/vendor/laravel/framework/src/Illuminate/Routing/Router.php(667): Illuminate\\Routing\\Router->runRoute(Object(Illuminate\\Http\\Request), Object(Illuminate\\Routing\\Route))
#16 /opt/lampp/htdocs/applications/rental-system/vendor/laravel/framework/src/Illuminate/Routing/Router.php(656): Illuminate\\Routing\\Router->dispatchToRoute(Object(Illuminate\\Http\\Request))
#17 /opt/lampp/htdocs/applications/rental-system/vendor/laravel/framework/src/Illuminate/Foundation/Http/Kernel.php(167): Illuminate\\Routing\\Router->dispatch(Object(Illuminate\\Http\\Request))
#18 /opt/lampp/htdocs/applications/rental-system/vendor/laravel/framework/src/Illuminate/Pipeline/Pipeline.php(141): Illuminate\\Foundation\\Http\\Kernel->Illuminate\\Foundation\\Http\\{closure}(Object(Illuminate\\Http\\Request))
#19 /opt/lampp/htdocs/applications/rental-system/vendor/laravel/framework/src/Illuminate/Foundation/Http/Middleware/TransformsRequest.php(21): Illuminate\\Pipeline\\Pipeline->Illuminate\\Pipeline\\{closure}(Object(Illuminate\\Http\\Request))
#20 /opt/lampp/htdocs/applications/rental-system/vendor/laravel/framework/src/Illuminate/Foundation/Http/Middleware/ConvertEmptyStringsToNull.php(31): Illuminate\\Foundation\\Http\\Middleware\\TransformsRequest->handle(Object(Illuminate\\Http\\Request), Object(Closure))
#21 /opt/lampp/htdocs/applications/rental-system/vendor/laravel/framework/src/Illuminate/Pipeline/Pipeline.php(180): Illuminate\\Foundation\\Http\\Middleware\\ConvertEmptyStringsToNull->handle(Object(Illuminate\\Http\\Request), Object(Closure))
#22 /opt/lampp/htdocs/applications/rental-system/vendor/laravel/framework/src/Illuminate/Foundation/Http/Middleware/TransformsRequest.php(21): Illuminate\\Pipeline\\Pipeline->Illuminate\\Pipeline\\{closure}(Object(Illuminate\\Http\\Request))
#23 /opt/lampp/htdocs/applications/rental-system/vendor/laravel/framework/src/Illuminate/Foundation/Http/Middleware/TrimStrings.php(40): Illuminate\\Foundation\\Http\\Middleware\\TransformsRequest->handle(Object(Illuminate\\Http\\Request), Object(Closure))
#24 /opt/lampp/htdocs/applications/rental-system/vendor/laravel/framework/src/Illuminate/Pipeline/Pipeline.php(180): Illuminate\\Foundation\\Http\\Middleware\\TrimStrings->handle(Object(Illuminate\\Http\\Request), Object(Closure))
#25 /opt/lampp/htdocs/applications/rental-system/vendor/laravel/framework/src/Illuminate/Foundation/Http/Middleware/ValidatePostSize.php(27): Illuminate\\Pipeline\\Pipeline->Illuminate\\Pipeline\\{closure}(Object(Illuminate\\Http\\Request))
#26 /opt/lampp/htdocs/applications/rental-system/vendor/laravel/framework/src/Illuminate/Pipeline/Pipeline.php(180): Illuminate\\Foundation\\Http\\Middleware\\ValidatePostSize->handle(Object(Illuminate\\Http\\Request), Object(Closure))
#27 /opt/lampp/htdocs/applications/rental-system/vendor/laravel/framework/src/Illuminate/Foundation/Http/Middleware/PreventRequestsDuringMaintenance.php(86): Illuminate\\Pipeline\\Pipeline->Illuminate\\Pipeline\\{closure}(Object(Illuminate\\Http\\Request))
#28 /opt/lampp/htdocs/applications/rental-system/vendor/laravel/framework/src/Illuminate/Pipeline/Pipeline.php(180): Illuminate\\Foundation\\Http\\Middleware\\PreventRequestsDuringMaintenance->handle(Object(Illuminate\\Http\\Request), Object(Closure))
#29 /opt/lampp/htdocs/applications/rental-system/vendor/laravel/framework/src/Illuminate/Http/Middleware/HandleCors.php(62): Illuminate\\Pipeline\\Pipeline->Illuminate\\Pipeline\\{closure}(Object(Illuminate\\Http\\Request))
#30 /opt/lampp/htdocs/applications/rental-system/vendor/laravel/framework/src/Illuminate/Pipeline/Pipeline.php(180): Illuminate\\Http\\Middleware\\HandleCors->handle(Object(Illuminate\\Http\\Request), Object(Closure))
#31 /opt/lampp/htdocs/applications/rental-system/vendor/laravel/framework/src/Illuminate/Http/Middleware/TrustProxies.php(39): Illuminate\\Pipeline\\Pipeline->Illuminate\\Pipeline\\{closure}(Object(Illuminate\\Http\\Request))
#32 /opt/lampp/htdocs/applications/rental-system/vendor/laravel/framework/src/Illuminate/Pipeline/Pipeline.php(180): Illuminate\\Http\\Middleware\\TrustProxies->handle(Object(Illuminate\\Http\\Request), Object(Closure))
#33 /opt/lampp/htdocs/applications/rental-system/vendor/laravel/framework/src/Illuminate/Pipeline/Pipeline.php(116): Illuminate\\Pipeline\\Pipeline->Illuminate\\Pipeline\\{closure}(Object(Illuminate\\Http\\Request))
#34 /opt/lampp/htdocs/applications/rental-system/vendor/laravel/framework/src/Illuminate/Foundation/Http/Kernel.php(142): Illuminate\\Pipeline\\Pipeline->then(Object(Closure))
#35 /opt/lampp/htdocs/applications/rental-system/vendor/laravel/framework/src/Illuminate/Foundation/Http/Kernel.php(111): Illuminate\\Foundation\\Http\\Kernel->sendRequestThroughRouter(Object(Illuminate\\Http\\Request))
#36 /opt/lampp/htdocs/applications/rental-system/public/index.php(52): Illuminate\\Foundation\\Http\\Kernel->handle(Object(Illuminate\\Http\\Request))
#37 /opt/lampp/htdocs/applications/rental-system/vendor/laravel/framework/src/Illuminate/Foundation/resources/server.php(16): require_once('/opt/lampp/htdo...')
#38 {main}
"} 
[2022-08-30 00:17:49] local.ERROR: SQLSTATE[42S22]: Column not found: 1054 Unknown column 'image' in 'field list' (SQL: insert into `equipments` (`name`, `manufacturer`, `description`, `serial_number`, `model_number`, `image`, `uuid`, `updated_at`, `created_at`) values (ratione necessitatibus voluptatibus, Purdy PLC, Edgar Atheling to meet William and offer him the crown. William's conduct at first she thought it would,' said the Mock Turtle. 'Hold your tongue!' added the Dormouse. 'Don't talk nonsense,' said., adeO8yLTyKF6Cy9273, YSfizSUQDbXIP, https://via.placeholder.com/640x480.png/00ddbb?text=natus, 2e3c4580-27f9-11ed-b5f0-eff3f6d6c847, 2022-08-30 00:17:49, 2022-08-30 00:17:49)) {"exception":"[object] (Illuminate\\Database\\QueryException(code: 42S22): SQLSTATE[42S22]: Column not found: 1054 Unknown column 'image' in 'field list' (SQL: insert into `equipments` (`name`, `manufacturer`, `description`, `serial_number`, `model_number`, `image`, `uuid`, `updated_at`, `created_at`) values (ratione necessitatibus voluptatibus, Purdy PLC, Edgar Atheling to meet William and offer him the crown. William's conduct at first she thought it would,' said the Mock Turtle. 'Hold your tongue!' added the Dormouse. 'Don't talk nonsense,' said., adeO8yLTyKF6Cy9273, YSfizSUQDbXIP, https://via.placeholder.com/640x480.png/00ddbb?text=natus, 2e3c4580-27f9-11ed-b5f0-eff3f6d6c847, 2022-08-30 00:17:49, 2022-08-30 00:17:49)) at /opt/lampp/htdocs/applications/rental-system/vendor/laravel/framework/src/Illuminate/Database/Connection.php:759)
[stacktrace]
#0 /opt/lampp/htdocs/applications/rental-system/vendor/laravel/framework/src/Illuminate/Database/Connection.php(719): Illuminate\\Database\\Connection->runQueryCallback('insert into `eq...', Array, Object(Closure))
#1 /opt/lampp/htdocs/applications/rental-system/vendor/laravel/framework/src/Illuminate/Database/Connection.php(545): Illuminate\\Database\\Connection->run('insert into `eq...', Array, Object(Closure))
#2 /opt/lampp/htdocs/applications/rental-system/vendor/laravel/framework/src/Illuminate/Database/Connection.php(497): Illuminate\\Database\\Connection->statement('insert into `eq...', Array)
#3 /opt/lampp/htdocs/applications/rental-system/vendor/laravel/framework/src/Illuminate/Database/Query/Processors/Processor.php(32): Illuminate\\Database\\Connection->insert('insert into `eq...', Array)
#4 /opt/lampp/htdocs/applications/rental-system/vendor/laravel/framework/src/Illuminate/Database/Query/Builder.php(3246): Illuminate\\Database\\Query\\Processors\\Processor->processInsertGetId(Object(Illuminate\\Database\\Query\\Builder), 'insert into `eq...', Array, 'id')
#5 /opt/lampp/htdocs/applications/rental-system/vendor/laravel/framework/src/Illuminate/Database/Eloquent/Builder.php(1858): Illuminate\\Database\\Query\\Builder->insertGetId(Array, 'id')
#6 /opt/lampp/htdocs/applications/rental-system/vendor/laravel/framework/src/Illuminate/Database/Eloquent/Model.php(1216): Illuminate\\Database\\Eloquent\\Builder->__call('insertGetId', Array)
#7 /opt/lampp/htdocs/applications/rental-system/vendor/laravel/framework/src/Illuminate/Database/Eloquent/Model.php(1181): Illuminate\\Database\\Eloquent\\Model->insertAndSetId(Object(Illuminate\\Database\\Eloquent\\Builder), Array)
#8 /opt/lampp/htdocs/applications/rental-system/vendor/laravel/framework/src/Illuminate/Database/Eloquent/Model.php(1022): Illuminate\\Database\\Eloquent\\Model->performInsert(Object(Illuminate\\Database\\Eloquent\\Builder))
#9 /opt/lampp/htdocs/applications/rental-system/vendor/laravel/framework/src/Illuminate/Database/Eloquent/Factories/Factory.php(319): Illuminate\\Database\\Eloquent\\Model->save()
#10 /opt/lampp/htdocs/applications/rental-system/vendor/laravel/framework/src/Illuminate/Collections/Traits/EnumeratesValues.php(262): Illuminate\\Database\\Eloquent\\Factories\\Factory->Illuminate\\Database\\Eloquent\\Factories\\{closure}(Object(App\\Models\\Equipment), 0)
#11 /opt/lampp/htdocs/applications/rental-system/vendor/laravel/framework/src/Illuminate/Database/Eloquent/Factories/Factory.php(322): Illuminate\\Support\\Collection->each(Object(Closure))
#12 /opt/lampp/htdocs/applications/rental-system/vendor/laravel/framework/src/Illuminate/Database/Eloquent/Factories/Factory.php(272): Illuminate\\Database\\Eloquent\\Factories\\Factory->store(Object(Illuminate\\Database\\Eloquent\\Collection))
#13 /opt/lampp/htdocs/applications/rental-system/database/seeders/EquipmentSeeder.php(18): Illuminate\\Database\\Eloquent\\Factories\\Factory->create()
#14 /opt/lampp/htdocs/applications/rental-system/vendor/laravel/framework/src/Illuminate/Container/BoundMethod.php(36): Database\\Seeders\\EquipmentSeeder->run()
#15 /opt/lampp/htdocs/applications/rental-system/vendor/laravel/framework/src/Illuminate/Container/Util.php(41): Illuminate\\Container\\BoundMethod::Illuminate\\Container\\{closure}()
#16 /opt/lampp/htdocs/applications/rental-system/vendor/laravel/framework/src/Illuminate/Container/BoundMethod.php(93): Illuminate\\Container\\Util::unwrapIfClosure(Object(Closure))
#17 /opt/lampp/htdocs/applications/rental-system/vendor/laravel/framework/src/Illuminate/Container/BoundMethod.php(37): Illuminate\\Container\\BoundMethod::callBoundMethod(Object(Illuminate\\Foundation\\Application), Array, Object(Closure))
#18 /opt/lampp/htdocs/applications/rental-system/vendor/laravel/framework/src/Illuminate/Container/Container.php(651): Illuminate\\Container\\BoundMethod::call(Object(Illuminate\\Foundation\\Application), Array, Array, NULL)
#19 /opt/lampp/htdocs/applications/rental-system/vendor/laravel/framework/src/Illuminate/Database/Seeder.php(184): Illuminate\\Container\\Container->call(Array, Array)
#20 /opt/lampp/htdocs/applications/rental-system/vendor/laravel/framework/src/Illuminate/Database/Seeder.php(193): Illuminate\\Database\\Seeder->Illuminate\\Database\\{closure}()
#21 /opt/lampp/htdocs/applications/rental-system/vendor/laravel/framework/src/Illuminate/Database/Console/Seeds/SeedCommand.php(81): Illuminate\\Database\\Seeder->__invoke()
#22 /opt/lampp/htdocs/applications/rental-system/vendor/laravel/framework/src/Illuminate/Database/Eloquent/Concerns/GuardsAttributes.php(155): Illuminate\\Database\\Console\\Seeds\\SeedCommand->Illuminate\\Database\\Console\\Seeds\\{closure}()
#23 /opt/lampp/htdocs/applications/rental-system/vendor/laravel/framework/src/Illuminate/Database/Console/Seeds/SeedCommand.php(82): Illuminate\\Database\\Eloquent\\Model::unguarded(Object(Closure))
#24 /opt/lampp/htdocs/applications/rental-system/vendor/laravel/framework/src/Illuminate/Container/BoundMethod.php(36): Illuminate\\Database\\Console\\Seeds\\SeedCommand->handle()
#25 /opt/lampp/htdocs/applications/rental-system/vendor/laravel/framework/src/Illuminate/Container/Util.php(41): Illuminate\\Container\\BoundMethod::Illuminate\\Container\\{closure}()
#26 /opt/lampp/htdocs/applications/rental-system/vendor/laravel/framework/src/Illuminate/Container/BoundMethod.php(93): Illuminate\\Container\\Util::unwrapIfClosure(Object(Closure))
#27 /opt/lampp/htdocs/applications/rental-system/vendor/laravel/framework/src/Illuminate/Container/BoundMethod.php(37): Illuminate\\Container\\BoundMethod::callBoundMethod(Object(Illuminate\\Foundation\\Application), Array, Object(Closure))
#28 /opt/lampp/htdocs/applications/rental-system/vendor/laravel/framework/src/Illuminate/Container/Container.php(651): Illuminate\\Container\\BoundMethod::call(Object(Illuminate\\Foundation\\Application), Array, Array, NULL)
#29 /opt/lampp/htdocs/applications/rental-system/vendor/laravel/framework/src/Illuminate/Console/Command.php(139): Illuminate\\Container\\Container->call(Array)
#30 /opt/lampp/htdocs/applications/rental-system/vendor/symfony/console/Command/Command.php(308): Illuminate\\Console\\Command->execute(Object(Symfony\\Component\\Console\\Input\\ArgvInput), Object(Illuminate\\Console\\OutputStyle))
#31 /opt/lampp/htdocs/applications/rental-system/vendor/laravel/framework/src/Illuminate/Console/Command.php(124): Symfony\\Component\\Console\\Command\\Command->run(Object(Symfony\\Component\\Console\\Input\\ArgvInput), Object(Illuminate\\Console\\OutputStyle))
#32 /opt/lampp/htdocs/applications/rental-system/vendor/symfony/console/Application.php(1002): Illuminate\\Console\\Command->run(Object(Symfony\\Component\\Console\\Input\\ArgvInput), Object(Symfony\\Component\\Console\\Output\\ConsoleOutput))
#33 /opt/lampp/htdocs/applications/rental-system/vendor/symfony/console/Application.php(299): Symfony\\Component\\Console\\Application->doRunCommand(Object(Illuminate\\Database\\Console\\Seeds\\SeedCommand), Object(Symfony\\Component\\Console\\Input\\ArgvInput), Object(Symfony\\Component\\Console\\Output\\ConsoleOutput))
#34 /opt/lampp/htdocs/applications/rental-system/vendor/symfony/console/Application.php(171): Symfony\\Component\\Console\\Application->doRun(Object(Symfony\\Component\\Console\\Input\\ArgvInput), Object(Symfony\\Component\\Console\\Output\\ConsoleOutput))
#35 /opt/lampp/htdocs/applications/rental-system/vendor/laravel/framework/src/Illuminate/Console/Application.php(102): Symfony\\Component\\Console\\Application->run(Object(Symfony\\Component\\Console\\Input\\ArgvInput), Object(Symfony\\Component\\Console\\Output\\ConsoleOutput))
#36 /opt/lampp/htdocs/applications/rental-system/vendor/laravel/framework/src/Illuminate/Foundation/Console/Kernel.php(129): Illuminate\\Console\\Application->run(Object(Symfony\\Component\\Console\\Input\\ArgvInput), Object(Symfony\\Component\\Console\\Output\\ConsoleOutput))
#37 /opt/lampp/htdocs/applications/rental-system/artisan(37): Illuminate\\Foundation\\Console\\Kernel->handle(Object(Symfony\\Component\\Console\\Input\\ArgvInput), Object(Symfony\\Component\\Console\\Output\\ConsoleOutput))
#38 {main}

[previous exception] [object] (PDOException(code: 42S22): SQLSTATE[42S22]: Column not found: 1054 Unknown column 'image' in 'field list' at /opt/lampp/htdocs/applications/rental-system/vendor/laravel/framework/src/Illuminate/Database/Connection.php:538)
[stacktrace]
#0 /opt/lampp/htdocs/applications/rental-system/vendor/laravel/framework/src/Illuminate/Database/Connection.php(538): PDO->prepare('insert into `eq...')
#1 /opt/lampp/htdocs/applications/rental-system/vendor/laravel/framework/src/Illuminate/Database/Connection.php(752): Illuminate\\Database\\Connection->Illuminate\\Database\\{closure}('insert into `eq...', Array)
#2 /opt/lampp/htdocs/applications/rental-system/vendor/laravel/framework/src/Illuminate/Database/Connection.php(719): Illuminate\\Database\\Connection->runQueryCallback('insert into `eq...', Array, Object(Closure))
#3 /opt/lampp/htdocs/applications/rental-system/vendor/laravel/framework/src/Illuminate/Database/Connection.php(545): Illuminate\\Database\\Connection->run('insert into `eq...', Array, Object(Closure))
#4 /opt/lampp/htdocs/applications/rental-system/vendor/laravel/framework/src/Illuminate/Database/Connection.php(497): Illuminate\\Database\\Connection->statement('insert into `eq...', Array)
#5 /opt/lampp/htdocs/applications/rental-system/vendor/laravel/framework/src/Illuminate/Database/Query/Processors/Processor.php(32): Illuminate\\Database\\Connection->insert('insert into `eq...', Array)
#6 /opt/lampp/htdocs/applications/rental-system/vendor/laravel/framework/src/Illuminate/Database/Query/Builder.php(3246): Illuminate\\Database\\Query\\Processors\\Processor->processInsertGetId(Object(Illuminate\\Database\\Query\\Builder), 'insert into `eq...', Array, 'id')
#7 /opt/lampp/htdocs/applications/rental-system/vendor/laravel/framework/src/Illuminate/Database/Eloquent/Builder.php(1858): Illuminate\\Database\\Query\\Builder->insertGetId(Array, 'id')
#8 /opt/lampp/htdocs/applications/rental-system/vendor/laravel/framework/src/Illuminate/Database/Eloquent/Model.php(1216): Illuminate\\Database\\Eloquent\\Builder->__call('insertGetId', Array)
#9 /opt/lampp/htdocs/applications/rental-system/vendor/laravel/framework/src/Illuminate/Database/Eloquent/Model.php(1181): Illuminate\\Database\\Eloquent\\Model->insertAndSetId(Object(Illuminate\\Database\\Eloquent\\Builder), Array)
#10 /opt/lampp/htdocs/applications/rental-system/vendor/laravel/framework/src/Illuminate/Database/Eloquent/Model.php(1022): Illuminate\\Database\\Eloquent\\Model->performInsert(Object(Illuminate\\Database\\Eloquent\\Builder))
#11 /opt/lampp/htdocs/applications/rental-system/vendor/laravel/framework/src/Illuminate/Database/Eloquent/Factories/Factory.php(319): Illuminate\\Database\\Eloquent\\Model->save()
#12 /opt/lampp/htdocs/applications/rental-system/vendor/laravel/framework/src/Illuminate/Collections/Traits/EnumeratesValues.php(262): Illuminate\\Database\\Eloquent\\Factories\\Factory->Illuminate\\Database\\Eloquent\\Factories\\{closure}(Object(App\\Models\\Equipment), 0)
#13 /opt/lampp/htdocs/applications/rental-system/vendor/laravel/framework/src/Illuminate/Database/Eloquent/Factories/Factory.php(322): Illuminate\\Support\\Collection->each(Object(Closure))
#14 /opt/lampp/htdocs/applications/rental-system/vendor/laravel/framework/src/Illuminate/Database/Eloquent/Factories/Factory.php(272): Illuminate\\Database\\Eloquent\\Factories\\Factory->store(Object(Illuminate\\Database\\Eloquent\\Collection))
#15 /opt/lampp/htdocs/applications/rental-system/database/seeders/EquipmentSeeder.php(18): Illuminate\\Database\\Eloquent\\Factories\\Factory->create()
#16 /opt/lampp/htdocs/applications/rental-system/vendor/laravel/framework/src/Illuminate/Container/BoundMethod.php(36): Database\\Seeders\\EquipmentSeeder->run()
#17 /opt/lampp/htdocs/applications/rental-system/vendor/laravel/framework/src/Illuminate/Container/Util.php(41): Illuminate\\Container\\BoundMethod::Illuminate\\Container\\{closure}()
#18 /opt/lampp/htdocs/applications/rental-system/vendor/laravel/framework/src/Illuminate/Container/BoundMethod.php(93): Illuminate\\Container\\Util::unwrapIfClosure(Object(Closure))
#19 /opt/lampp/htdocs/applications/rental-system/vendor/laravel/framework/src/Illuminate/Container/BoundMethod.php(37): Illuminate\\Container\\BoundMethod::callBoundMethod(Object(Illuminate\\Foundation\\Application), Array, Object(Closure))
#20 /opt/lampp/htdocs/applications/rental-system/vendor/laravel/framework/src/Illuminate/Container/Container.php(651): Illuminate\\Container\\BoundMethod::call(Object(Illuminate\\Foundation\\Application), Array, Array, NULL)
#21 /opt/lampp/htdocs/applications/rental-system/vendor/laravel/framework/src/Illuminate/Database/Seeder.php(184): Illuminate\\Container\\Container->call(Array, Array)
#22 /opt/lampp/htdocs/applications/rental-system/vendor/laravel/framework/src/Illuminate/Database/Seeder.php(193): Illuminate\\Database\\Seeder->Illuminate\\Database\\{closure}()
#23 /opt/lampp/htdocs/applications/rental-system/vendor/laravel/framework/src/Illuminate/Database/Console/Seeds/SeedCommand.php(81): Illuminate\\Database\\Seeder->__invoke()
#24 /opt/lampp/htdocs/applications/rental-system/vendor/laravel/framework/src/Illuminate/Database/Eloquent/Concerns/GuardsAttributes.php(155): Illuminate\\Database\\Console\\Seeds\\SeedCommand->Illuminate\\Database\\Console\\Seeds\\{closure}()
#25 /opt/lampp/htdocs/applications/rental-system/vendor/laravel/framework/src/Illuminate/Database/Console/Seeds/SeedCommand.php(82): Illuminate\\Database\\Eloquent\\Model::unguarded(Object(Closure))
#26 /opt/lampp/htdocs/applications/rental-system/vendor/laravel/framework/src/Illuminate/Container/BoundMethod.php(36): Illuminate\\Database\\Console\\Seeds\\SeedCommand->handle()
#27 /opt/lampp/htdocs/applications/rental-system/vendor/laravel/framework/src/Illuminate/Container/Util.php(41): Illuminate\\Container\\BoundMethod::Illuminate\\Container\\{closure}()
#28 /opt/lampp/htdocs/applications/rental-system/vendor/laravel/framework/src/Illuminate/Container/BoundMethod.php(93): Illuminate\\Container\\Util::unwrapIfClosure(Object(Closure))
#29 /opt/lampp/htdocs/applications/rental-system/vendor/laravel/framework/src/Illuminate/Container/BoundMethod.php(37): Illuminate\\Container\\BoundMethod::callBoundMethod(Object(Illuminate\\Foundation\\Application), Array, Object(Closure))
#30 /opt/lampp/htdocs/applications/rental-system/vendor/laravel/framework/src/Illuminate/Container/Container.php(651): Illuminate\\Container\\BoundMethod::call(Object(Illuminate\\Foundation\\Application), Array, Array, NULL)
#31 /opt/lampp/htdocs/applications/rental-system/vendor/laravel/framework/src/Illuminate/Console/Command.php(139): Illuminate\\Container\\Container->call(Array)
#32 /opt/lampp/htdocs/applications/rental-system/vendor/symfony/console/Command/Command.php(308): Illuminate\\Console\\Command->execute(Object(Symfony\\Component\\Console\\Input\\ArgvInput), Object(Illuminate\\Console\\OutputStyle))
#33 /opt/lampp/htdocs/applications/rental-system/vendor/laravel/framework/src/Illuminate/Console/Command.php(124): Symfony\\Component\\Console\\Command\\Command->run(Object(Symfony\\Component\\Console\\Input\\ArgvInput), Object(Illuminate\\Console\\OutputStyle))
#34 /opt/lampp/htdocs/applications/rental-system/vendor/symfony/console/Application.php(1002): Illuminate\\Console\\Command->run(Object(Symfony\\Component\\Console\\Input\\ArgvInput), Object(Symfony\\Component\\Console\\Output\\ConsoleOutput))
#35 /opt/lampp/htdocs/applications/rental-system/vendor/symfony/console/Application.php(299): Symfony\\Component\\Console\\Application->doRunCommand(Object(Illuminate\\Database\\Console\\Seeds\\SeedCommand), Object(Symfony\\Component\\Console\\Input\\ArgvInput), Object(Symfony\\Component\\Console\\Output\\ConsoleOutput))
#36 /opt/lampp/htdocs/applications/rental-system/vendor/symfony/console/Application.php(171): Symfony\\Component\\Console\\Application->doRun(Object(Symfony\\Component\\Console\\Input\\ArgvInput), Object(Symfony\\Component\\Console\\Output\\ConsoleOutput))
#37 /opt/lampp/htdocs/applications/rental-system/vendor/laravel/framework/src/Illuminate/Console/Application.php(102): Symfony\\Component\\Console\\Application->run(Object(Symfony\\Component\\Console\\Input\\ArgvInput), Object(Symfony\\Component\\Console\\Output\\ConsoleOutput))
#38 /opt/lampp/htdocs/applications/rental-system/vendor/laravel/framework/src/Illuminate/Foundation/Console/Kernel.php(129): Illuminate\\Console\\Application->run(Object(Symfony\\Component\\Console\\Input\\ArgvInput), Object(Symfony\\Component\\Console\\Output\\ConsoleOutput))
#39 /opt/lampp/htdocs/applications/rental-system/artisan(37): Illuminate\\Foundation\\Console\\Kernel->handle(Object(Symfony\\Component\\Console\\Input\\ArgvInput), Object(Symfony\\Component\\Console\\Output\\ConsoleOutput))
#40 {main}
"} 
