[2022-08-29 22:07:18] local.ERROR: SQLSTATE[42S02]: Base table or view not found: 1146 Table 'rental-system.equipment' doesn't exist (SQL: insert into `equipment` (`name`, `manufacturer`, `description`, `serial_number`, `model_number`, `image`, `uuid`, `updated_at`, `created_at`) values (Excepturi quia velit enim ad reprehenderit asperiores odit. Dolorem quibusdam et est debitis est. Eaque dolores magni cumque. Eius illum consequuntur ipsum omnis quo voluptatem dicta omnis., Lockman, Kunde and Cassin, Majesty?' he asked. 'Begin at the March Hare, 'that "I breathe when I grow up, I'll write one--but I'm grown up now,' she said, as politely as she could, for the first position in which you usually., HZneelxqspMESK9q845g, pzAicdRYRIOPp, https://via.placeholder.com/640x480.png/0066ee?text=delectus, f2da65c0-27e6-11ed-9218-39c8bfcb7649, 2022-08-29 22:07:18, 2022-08-29 22:07:18)) {"exception":"[object] (Illuminate\\Database\\QueryException(code: 42S02): SQLSTATE[42S02]: Base table or view not found: 1146 Table 'rental-system.equipment' doesn't exist (SQL: insert into `equipment` (`name`, `manufacturer`, `description`, `serial_number`, `model_number`, `image`, `uuid`, `updated_at`, `created_at`) values (Excepturi quia velit enim ad reprehenderit asperiores odit. Dolorem quibusdam et est debitis est. Eaque dolores magni cumque. Eius illum consequuntur ipsum omnis quo voluptatem dicta omnis., Lockman, Kunde and Cassin, Majesty?' he asked. 'Begin at the March Hare, 'that \"I breathe when I grow up, I'll write one--but I'm grown up now,' she said, as politely as she could, for the first position in which you usually., HZneelxqspMESK9q845g, pzAicdRYRIOPp, https://via.placeholder.com/640x480.png/0066ee?text=delectus, f2da65c0-27e6-11ed-9218-39c8bfcb7649, 2022-08-29 22:07:18, 2022-08-29 22:07:18)) at /opt/lampp/htdocs/applications/rental-system/vendor/laravel/framework/src/Illuminate/Database/Connection.php:759)
[stacktrace]
#0 /opt/lampp/htdocs/applications/rental-system/vendor/laravel/framework/src/Illuminate/Database/Connection.php(719): Illuminate\\Database\\Connection->runQueryCallback('insert into `eq...', Array, Object(Closure))
#1 /opt/lampp/htdocs/applications/rental-system/vendor/laravel/framework/src/Illuminate/Database/Connection.php(545): Illuminate\\Database\\Connection->run('insert into `eq...', Array, Object(Closure))
#2 /opt/lampp/htdocs/applications/rental-system/vendor/laravel/framework/src/Illuminate/Database/Connection.php(497): Illuminate\\Database\\Connection->statement('insert into `eq...', Array)
#3 /opt/lampp/htdocs/applications/rental-system/vendor/laravel/framework/src/Illuminate/Database/Query/Processors/Processor.php(32): Illuminate\\Database\\Connection->insert('insert into `eq...', Array)
#4 /opt/lampp/htdocs/applications/rental-system/vendor/laravel/framework/src/Illuminate/Database/Query/Builder.php(3246): Illuminate\\Database\\Query\\Processors\\Processor->processInsertGetId(Object(Illuminate\\Database\\Query\\Builder), 'insert into `eq...', Array, 'id')
#5 /opt/lampp/htdocs/applications/rental-system/vendor/laravel/framework/src/Illuminate/Database/Eloquent/Builder.php(1858): Illuminate\\Database\\Query\\Builder->insertGetId(Array, 'id')
#6 /opt/lampp/htdocs/applications/rental-system/vendor/laravel/framework/src/Illuminate/Database/Eloquent/Model.php(1216): Illuminate\\Database\\Eloquent\\Builder->__call('insertGetId', Array)
#7 /opt/lampp/htdocs/applications/rental-system/vendor/laravel/framework/src/Illuminate/Database/Eloquent/Model.php(1181): Illuminate\\Database\\Eloquent\\Model->insertAndSetId(Object(Illuminate\\Database\\Eloquent\\Builder), Array)
#8 /opt/lampp/htdocs/applications/rental-system/vendor/laravel/framework/src/Illuminate/Database/Eloquent/Model.php(1022): Illuminate\\Database\\Eloquent\\Model->performInsert(Object(Illuminate\\Database\\Eloquent\\Builder))
#9 /opt/lampp/htdocs/applications/rental-system/vendor/laravel/framework/src/Illuminate/Database/Eloquent/Factories/Factory.php(319): Illuminate\\Database\\Eloquent\\Model->save()
#10 /opt/lampp/htdocs/applications/rental-system/vendor/laravel/framework/src/Illuminate/Collections/Traits/EnumeratesValues.php(262): Illuminate\\Database\\Eloquent\\Factories\\Factory->Illuminate\\Database\\Eloquent\\Factories\\{closure}(Object(App\\Models\\Equipment), 0)
#11 /opt/lampp/htdocs/applications/rental-system/vendor/laravel/framework/src/Illuminate/Database/Eloquent/Factories/Factory.php(322): Illuminate\\Support\\Collection->each(Object(Closure))
#12 /opt/lampp/htdocs/applications/rental-system/vendor/laravel/framework/src/Illuminate/Database/Eloquent/Factories/Factory.php(272): Illuminate\\Database\\Eloquent\\Factories\\Factory->store(Object(Illuminate\\Database\\Eloquent\\Collection))
#13 /opt/lampp/htdocs/applications/rental-system/database/seeders/EquipmentSeeder.php(18): Illuminate\\Database\\Eloquent\\Factories\\Factory->create()
#14 /opt/lampp/htdocs/applications/rental-system/vendor/laravel/framework/src/Illuminate/Container/BoundMethod.php(36): Database\\Seeders\\EquipmentSeeder->run()
#15 /opt/lampp/htdocs/applications/rental-system/vendor/laravel/framework/src/Illuminate/Container/Util.php(41): Illuminate\\Container\\BoundMethod::Illuminate\\Container\\{closure}()
#16 /opt/lampp/htdocs/applications/rental-system/vendor/laravel/framework/src/Illuminate/Container/BoundMethod.php(93): Illuminate\\Container\\Util::unwrapIfClosure(Object(Closure))
#17 /opt/lampp/htdocs/applications/rental-system/vendor/laravel/framework/src/Illuminate/Container/BoundMethod.php(37): Illuminate\\Container\\BoundMethod::callBoundMethod(Object(Illuminate\\Foundation\\Application), Array, Object(Closure))
#18 /opt/lampp/htdocs/applications/rental-system/vendor/laravel/framework/src/Illuminate/Container/Container.php(651): Illuminate\\Container\\BoundMethod::call(Object(Illuminate\\Foundation\\Application), Array, Array, NULL)
#19 /opt/lampp/htdocs/applications/rental-system/vendor/laravel/framework/src/Illuminate/Database/Seeder.php(184): Illuminate\\Container\\Container->call(Array, Array)
#20 /opt/lampp/htdocs/applications/rental-system/vendor/laravel/framework/src/Illuminate/Database/Seeder.php(193): Illuminate\\Database\\Seeder->Illuminate\\Database\\{closure}()
#21 /opt/lampp/htdocs/applications/rental-system/vendor/laravel/framework/src/Illuminate/Database/Console/Seeds/SeedCommand.php(81): Illuminate\\Database\\Seeder->__invoke()
#22 /opt/lampp/htdocs/applications/rental-system/vendor/laravel/framework/src/Illuminate/Database/Eloquent/Concerns/GuardsAttributes.php(155): Illuminate\\Database\\Console\\Seeds\\SeedCommand->Illuminate\\Database\\Console\\Seeds\\{closure}()
#23 /opt/lampp/htdocs/applications/rental-system/vendor/laravel/framework/src/Illuminate/Database/Console/Seeds/SeedCommand.php(82): Illuminate\\Database\\Eloquent\\Model::unguarded(Object(Closure))
#24 /opt/lampp/htdocs/applications/rental-system/vendor/laravel/framework/src/Illuminate/Container/BoundMethod.php(36): Illuminate\\Database\\Console\\Seeds\\SeedCommand->handle()
#25 /opt/lampp/htdocs/applications/rental-system/vendor/laravel/framework/src/Illuminate/Container/Util.php(41): Illuminate\\Container\\BoundMethod::Illuminate\\Container\\{closure}()
#26 /opt/lampp/htdocs/applications/rental-system/vendor/laravel/framework/src/Illuminate/Container/BoundMethod.php(93): Illuminate\\Container\\Util::unwrapIfClosure(Object(Closure))
#27 /opt/lampp/htdocs/applications/rental-system/vendor/laravel/framework/src/Illuminate/Container/BoundMethod.php(37): Illuminate\\Container\\BoundMethod::callBoundMethod(Object(Illuminate\\Foundation\\Application), Array, Object(Closure))
#28 /opt/lampp/htdocs/applications/rental-system/vendor/laravel/framework/src/Illuminate/Container/Container.php(651): Illuminate\\Container\\BoundMethod::call(Object(Illuminate\\Foundation\\Application), Array, Array, NULL)
#29 /opt/lampp/htdocs/applications/rental-system/vendor/laravel/framework/src/Illuminate/Console/Command.php(139): Illuminate\\Container\\Container->call(Array)
#30 /opt/lampp/htdocs/applications/rental-system/vendor/symfony/console/Command/Command.php(308): Illuminate\\Console\\Command->execute(Object(Symfony\\Component\\Console\\Input\\ArgvInput), Object(Illuminate\\Console\\OutputStyle))
#31 /opt/lampp/htdocs/applications/rental-system/vendor/laravel/framework/src/Illuminate/Console/Command.php(124): Symfony\\Component\\Console\\Command\\Command->run(Object(Symfony\\Component\\Console\\Input\\ArgvInput), Object(Illuminate\\Console\\OutputStyle))
#32 /opt/lampp/htdocs/applications/rental-system/vendor/symfony/console/Application.php(1002): Illuminate\\Console\\Command->run(Object(Symfony\\Component\\Console\\Input\\ArgvInput), Object(Symfony\\Component\\Console\\Output\\ConsoleOutput))
#33 /opt/lampp/htdocs/applications/rental-system/vendor/symfony/console/Application.php(299): Symfony\\Component\\Console\\Application->doRunCommand(Object(Illuminate\\Database\\Console\\Seeds\\SeedCommand), Object(Symfony\\Component\\Console\\Input\\ArgvInput), Object(Symfony\\Component\\Console\\Output\\ConsoleOutput))
#34 /opt/lampp/htdocs/applications/rental-system/vendor/symfony/console/Application.php(171): Symfony\\Component\\Console\\Application->doRun(Object(Symfony\\Component\\Console\\Input\\ArgvInput), Object(Symfony\\Component\\Console\\Output\\ConsoleOutput))
#35 /opt/lampp/htdocs/applications/rental-system/vendor/laravel/framework/src/Illuminate/Console/Application.php(102): Symfony\\Component\\Console\\Application->run(Object(Symfony\\Component\\Console\\Input\\ArgvInput), Object(Symfony\\Component\\Console\\Output\\ConsoleOutput))
#36 /opt/lampp/htdocs/applications/rental-system/vendor/laravel/framework/src/Illuminate/Foundation/Console/Kernel.php(129): Illuminate\\Console\\Application->run(Object(Symfony\\Component\\Console\\Input\\ArgvInput), Object(Symfony\\Component\\Console\\Output\\ConsoleOutput))
#37 /opt/lampp/htdocs/applications/rental-system/artisan(37): Illuminate\\Foundation\\Console\\Kernel->handle(Object(Symfony\\Component\\Console\\Input\\ArgvInput), Object(Symfony\\Component\\Console\\Output\\ConsoleOutput))
#38 {main}

[previous exception] [object] (PDOException(code: 42S02): SQLSTATE[42S02]: Base table or view not found: 1146 Table 'rental-system.equipment' doesn't exist at /opt/lampp/htdocs/applications/rental-system/vendor/laravel/framework/src/Illuminate/Database/Connection.php:538)
[stacktrace]
#0 /opt/lampp/htdocs/applications/rental-system/vendor/laravel/framework/src/Illuminate/Database/Connection.php(538): PDO->prepare('insert into `eq...')
#1 /opt/lampp/htdocs/applications/rental-system/vendor/laravel/framework/src/Illuminate/Database/Connection.php(752): Illuminate\\Database\\Connection->Illuminate\\Database\\{closure}('insert into `eq...', Array)
#2 /opt/lampp/htdocs/applications/rental-system/vendor/laravel/framework/src/Illuminate/Database/Connection.php(719): Illuminate\\Database\\Connection->runQueryCallback('insert into `eq...', Array, Object(Closure))
#3 /opt/lampp/htdocs/applications/rental-system/vendor/laravel/framework/src/Illuminate/Database/Connection.php(545): Illuminate\\Database\\Connection->run('insert into `eq...', Array, Object(Closure))
#4 /opt/lampp/htdocs/applications/rental-system/vendor/laravel/framework/src/Illuminate/Database/Connection.php(497): Illuminate\\Database\\Connection->statement('insert into `eq...', Array)
#5 /opt/lampp/htdocs/applications/rental-system/vendor/laravel/framework/src/Illuminate/Database/Query/Processors/Processor.php(32): Illuminate\\Database\\Connection->insert('insert into `eq...', Array)
#6 /opt/lampp/htdocs/applications/rental-system/vendor/laravel/framework/src/Illuminate/Database/Query/Builder.php(3246): Illuminate\\Database\\Query\\Processors\\Processor->processInsertGetId(Object(Illuminate\\Database\\Query\\Builder), 'insert into `eq...', Array, 'id')
#7 /opt/lampp/htdocs/applications/rental-system/vendor/laravel/framework/src/Illuminate/Database/Eloquent/Builder.php(1858): Illuminate\\Database\\Query\\Builder->insertGetId(Array, 'id')
#8 /opt/lampp/htdocs/applications/rental-system/vendor/laravel/framework/src/Illuminate/Database/Eloquent/Model.php(1216): Illuminate\\Database\\Eloquent\\Builder->__call('insertGetId', Array)
#9 /opt/lampp/htdocs/applications/rental-system/vendor/laravel/framework/src/Illuminate/Database/Eloquent/Model.php(1181): Illuminate\\Database\\Eloquent\\Model->insertAndSetId(Object(Illuminate\\Database\\Eloquent\\Builder), Array)
#10 /opt/lampp/htdocs/applications/rental-system/vendor/laravel/framework/src/Illuminate/Database/Eloquent/Model.php(1022): Illuminate\\Database\\Eloquent\\Model->performInsert(Object(Illuminate\\Database\\Eloquent\\Builder))
#11 /opt/lampp/htdocs/applications/rental-system/vendor/laravel/framework/src/Illuminate/Database/Eloquent/Factories/Factory.php(319): Illuminate\\Database\\Eloquent\\Model->save()
#12 /opt/lampp/htdocs/applications/rental-system/vendor/laravel/framework/src/Illuminate/Collections/Traits/EnumeratesValues.php(262): Illuminate\\Database\\Eloquent\\Factories\\Factory->Illuminate\\Database\\Eloquent\\Factories\\{closure}(Object(App\\Models\\Equipment), 0)
#13 /opt/lampp/htdocs/applications/rental-system/vendor/laravel/framework/src/Illuminate/Database/Eloquent/Factories/Factory.php(322): Illuminate\\Support\\Collection->each(Object(Closure))
#14 /opt/lampp/htdocs/applications/rental-system/vendor/laravel/framework/src/Illuminate/Database/Eloquent/Factories/Factory.php(272): Illuminate\\Database\\Eloquent\\Factories\\Factory->store(Object(Illuminate\\Database\\Eloquent\\Collection))
#15 /opt/lampp/htdocs/applications/rental-system/database/seeders/EquipmentSeeder.php(18): Illuminate\\Database\\Eloquent\\Factories\\Factory->create()
#16 /opt/lampp/htdocs/applications/rental-system/vendor/laravel/framework/src/Illuminate/Container/BoundMethod.php(36): Database\\Seeders\\EquipmentSeeder->run()
#17 /opt/lampp/htdocs/applications/rental-system/vendor/laravel/framework/src/Illuminate/Container/Util.php(41): Illuminate\\Container\\BoundMethod::Illuminate\\Container\\{closure}()
#18 /opt/lampp/htdocs/applications/rental-system/vendor/laravel/framework/src/Illuminate/Container/BoundMethod.php(93): Illuminate\\Container\\Util::unwrapIfClosure(Object(Closure))
#19 /opt/lampp/htdocs/applications/rental-system/vendor/laravel/framework/src/Illuminate/Container/BoundMethod.php(37): Illuminate\\Container\\BoundMethod::callBoundMethod(Object(Illuminate\\Foundation\\Application), Array, Object(Closure))
#20 /opt/lampp/htdocs/applications/rental-system/vendor/laravel/framework/src/Illuminate/Container/Container.php(651): Illuminate\\Container\\BoundMethod::call(Object(Illuminate\\Foundation\\Application), Array, Array, NULL)
#21 /opt/lampp/htdocs/applications/rental-system/vendor/laravel/framework/src/Illuminate/Database/Seeder.php(184): Illuminate\\Container\\Container->call(Array, Array)
#22 /opt/lampp/htdocs/applications/rental-system/vendor/laravel/framework/src/Illuminate/Database/Seeder.php(193): Illuminate\\Database\\Seeder->Illuminate\\Database\\{closure}()
#23 /opt/lampp/htdocs/applications/rental-system/vendor/laravel/framework/src/Illuminate/Database/Console/Seeds/SeedCommand.php(81): Illuminate\\Database\\Seeder->__invoke()
#24 /opt/lampp/htdocs/applications/rental-system/vendor/laravel/framework/src/Illuminate/Database/Eloquent/Concerns/GuardsAttributes.php(155): Illuminate\\Database\\Console\\Seeds\\SeedCommand->Illuminate\\Database\\Console\\Seeds\\{closure}()
#25 /opt/lampp/htdocs/applications/rental-system/vendor/laravel/framework/src/Illuminate/Database/Console/Seeds/SeedCommand.php(82): Illuminate\\Database\\Eloquent\\Model::unguarded(Object(Closure))
#26 /opt/lampp/htdocs/applications/rental-system/vendor/laravel/framework/src/Illuminate/Container/BoundMethod.php(36): Illuminate\\Database\\Console\\Seeds\\SeedCommand->handle()
#27 /opt/lampp/htdocs/applications/rental-system/vendor/laravel/framework/src/Illuminate/Container/Util.php(41): Illuminate\\Container\\BoundMethod::Illuminate\\Container\\{closure}()
#28 /opt/lampp/htdocs/applications/rental-system/vendor/laravel/framework/src/Illuminate/Container/BoundMethod.php(93): Illuminate\\Container\\Util::unwrapIfClosure(Object(Closure))
#29 /opt/lampp/htdocs/applications/rental-system/vendor/laravel/framework/src/Illuminate/Container/BoundMethod.php(37): Illuminate\\Container\\BoundMethod::callBoundMethod(Object(Illuminate\\Foundation\\Application), Array, Object(Closure))
#30 /opt/lampp/htdocs/applications/rental-system/vendor/laravel/framework/src/Illuminate/Container/Container.php(651): Illuminate\\Container\\BoundMethod::call(Object(Illuminate\\Foundation\\Application), Array, Array, NULL)
#31 /opt/lampp/htdocs/applications/rental-system/vendor/laravel/framework/src/Illuminate/Console/Command.php(139): Illuminate\\Container\\Container->call(Array)
#32 /opt/lampp/htdocs/applications/rental-system/vendor/symfony/console/Command/Command.php(308): Illuminate\\Console\\Command->execute(Object(Symfony\\Component\\Console\\Input\\ArgvInput), Object(Illuminate\\Console\\OutputStyle))
#33 /opt/lampp/htdocs/applications/rental-system/vendor/laravel/framework/src/Illuminate/Console/Command.php(124): Symfony\\Component\\Console\\Command\\Command->run(Object(Symfony\\Component\\Console\\Input\\ArgvInput), Object(Illuminate\\Console\\OutputStyle))
#34 /opt/lampp/htdocs/applications/rental-system/vendor/symfony/console/Application.php(1002): Illuminate\\Console\\Command->run(Object(Symfony\\Component\\Console\\Input\\ArgvInput), Object(Symfony\\Component\\Console\\Output\\ConsoleOutput))
#35 /opt/lampp/htdocs/applications/rental-system/vendor/symfony/console/Application.php(299): Symfony\\Component\\Console\\Application->doRunCommand(Object(Illuminate\\Database\\Console\\Seeds\\SeedCommand), Object(Symfony\\Component\\Console\\Input\\ArgvInput), Object(Symfony\\Component\\Console\\Output\\ConsoleOutput))
#36 /opt/lampp/htdocs/applications/rental-system/vendor/symfony/console/Application.php(171): Symfony\\Component\\Console\\Application->doRun(Object(Symfony\\Component\\Console\\Input\\ArgvInput), Object(Symfony\\Component\\Console\\Output\\ConsoleOutput))
#37 /opt/lampp/htdocs/applications/rental-system/vendor/laravel/framework/src/Illuminate/Console/Application.php(102): Symfony\\Component\\Console\\Application->run(Object(Symfony\\Component\\Console\\Input\\ArgvInput), Object(Symfony\\Component\\Console\\Output\\ConsoleOutput))
#38 /opt/lampp/htdocs/applications/rental-system/vendor/laravel/framework/src/Illuminate/Foundation/Console/Kernel.php(129): Illuminate\\Console\\Application->run(Object(Symfony\\Component\\Console\\Input\\ArgvInput), Object(Symfony\\Component\\Console\\Output\\ConsoleOutput))
#39 /opt/lampp/htdocs/applications/rental-system/artisan(37): Illuminate\\Foundation\\Console\\Kernel->handle(Object(Symfony\\Component\\Console\\Input\\ArgvInput), Object(Symfony\\Component\\Console\\Output\\ConsoleOutput))
#40 {main}
"} 
[2022-08-29 22:08:28] local.ERROR: SQLSTATE[22001]: String data, right truncated: 1406 Data too long for column 'name' at row 1 (SQL: insert into `equipments` (`name`, `manufacturer`, `description`, `serial_number`, `model_number`, `image`, `uuid`, `updated_at`, `created_at`) values (Corporis ex eos temporibus qui. Necessitatibus sed ipsam nemo eum est sint enim. Maxime reiciendis ducimus cupiditate iure voluptatem quis voluptas. Dignissimos quae vitae tempore quis commodi sunt., Ryan-Baumbach, And the muscular strength, which it gave to my right size for going through the neighbouring pool--she could hear the very tones of the suppressed guinea-pigs, filled the air, and came back again., PTswNQuFhOootqkouUW1, pqOSzCBkBhMZcGlIdB, https://via.placeholder.com/640x480.png/00cc22?text=sunt, 1ca60c20-27e7-11ed-83b1-c3457dc41683, 2022-08-29 22:08:28, 2022-08-29 22:08:28)) {"exception":"[object] (Illuminate\\Database\\QueryException(code: 22001): SQLSTATE[22001]: String data, right truncated: 1406 Data too long for column 'name' at row 1 (SQL: insert into `equipments` (`name`, `manufacturer`, `description`, `serial_number`, `model_number`, `image`, `uuid`, `updated_at`, `created_at`) values (Corporis ex eos temporibus qui. Necessitatibus sed ipsam nemo eum est sint enim. Maxime reiciendis ducimus cupiditate iure voluptatem quis voluptas. Dignissimos quae vitae tempore quis commodi sunt., Ryan-Baumbach, And the muscular strength, which it gave to my right size for going through the neighbouring pool--she could hear the very tones of the suppressed guinea-pigs, filled the air, and came back again., PTswNQuFhOootqkouUW1, pqOSzCBkBhMZcGlIdB, https://via.placeholder.com/640x480.png/00cc22?text=sunt, 1ca60c20-27e7-11ed-83b1-c3457dc41683, 2022-08-29 22:08:28, 2022-08-29 22:08:28)) at /opt/lampp/htdocs/applications/rental-system/vendor/laravel/framework/src/Illuminate/Database/Connection.php:759)
[stacktrace]
#0 /opt/lampp/htdocs/applications/rental-system/vendor/laravel/framework/src/Illuminate/Database/Connection.php(719): Illuminate\\Database\\Connection->runQueryCallback('insert into `eq...', Array, Object(Closure))
#1 /opt/lampp/htdocs/applications/rental-system/vendor/laravel/framework/src/Illuminate/Database/Connection.php(545): Illuminate\\Database\\Connection->run('insert into `eq...', Array, Object(Closure))
#2 /opt/lampp/htdocs/applications/rental-system/vendor/laravel/framework/src/Illuminate/Database/Connection.php(497): Illuminate\\Database\\Connection->statement('insert into `eq...', Array)
#3 /opt/lampp/htdocs/applications/rental-system/vendor/laravel/framework/src/Illuminate/Database/Query/Processors/Processor.php(32): Illuminate\\Database\\Connection->insert('insert into `eq...', Array)
#4 /opt/lampp/htdocs/applications/rental-system/vendor/laravel/framework/src/Illuminate/Database/Query/Builder.php(3246): Illuminate\\Database\\Query\\Processors\\Processor->processInsertGetId(Object(Illuminate\\Database\\Query\\Builder), 'insert into `eq...', Array, 'id')
#5 /opt/lampp/htdocs/applications/rental-system/vendor/laravel/framework/src/Illuminate/Database/Eloquent/Builder.php(1858): Illuminate\\Database\\Query\\Builder->insertGetId(Array, 'id')
#6 /opt/lampp/htdocs/applications/rental-system/vendor/laravel/framework/src/Illuminate/Database/Eloquent/Model.php(1216): Illuminate\\Database\\Eloquent\\Builder->__call('insertGetId', Array)
#7 /opt/lampp/htdocs/applications/rental-system/vendor/laravel/framework/src/Illuminate/Database/Eloquent/Model.php(1181): Illuminate\\Database\\Eloquent\\Model->insertAndSetId(Object(Illuminate\\Database\\Eloquent\\Builder), Array)
#8 /opt/lampp/htdocs/applications/rental-system/vendor/laravel/framework/src/Illuminate/Database/Eloquent/Model.php(1022): Illuminate\\Database\\Eloquent\\Model->performInsert(Object(Illuminate\\Database\\Eloquent\\Builder))
#9 /opt/lampp/htdocs/applications/rental-system/vendor/laravel/framework/src/Illuminate/Database/Eloquent/Factories/Factory.php(319): Illuminate\\Database\\Eloquent\\Model->save()
#10 /opt/lampp/htdocs/applications/rental-system/vendor/laravel/framework/src/Illuminate/Collections/Traits/EnumeratesValues.php(262): Illuminate\\Database\\Eloquent\\Factories\\Factory->Illuminate\\Database\\Eloquent\\Factories\\{closure}(Object(App\\Models\\Equipment), 27)
#11 /opt/lampp/htdocs/applications/rental-system/vendor/laravel/framework/src/Illuminate/Database/Eloquent/Factories/Factory.php(322): Illuminate\\Support\\Collection->each(Object(Closure))
#12 /opt/lampp/htdocs/applications/rental-system/vendor/laravel/framework/src/Illuminate/Database/Eloquent/Factories/Factory.php(272): Illuminate\\Database\\Eloquent\\Factories\\Factory->store(Object(Illuminate\\Database\\Eloquent\\Collection))
#13 /opt/lampp/htdocs/applications/rental-system/database/seeders/EquipmentSeeder.php(18): Illuminate\\Database\\Eloquent\\Factories\\Factory->create()
#14 /opt/lampp/htdocs/applications/rental-system/vendor/laravel/framework/src/Illuminate/Container/BoundMethod.php(36): Database\\Seeders\\EquipmentSeeder->run()
#15 /opt/lampp/htdocs/applications/rental-system/vendor/laravel/framework/src/Illuminate/Container/Util.php(41): Illuminate\\Container\\BoundMethod::Illuminate\\Container\\{closure}()
#16 /opt/lampp/htdocs/applications/rental-system/vendor/laravel/framework/src/Illuminate/Container/BoundMethod.php(93): Illuminate\\Container\\Util::unwrapIfClosure(Object(Closure))
#17 /opt/lampp/htdocs/applications/rental-system/vendor/laravel/framework/src/Illuminate/Container/BoundMethod.php(37): Illuminate\\Container\\BoundMethod::callBoundMethod(Object(Illuminate\\Foundation\\Application), Array, Object(Closure))
#18 /opt/lampp/htdocs/applications/rental-system/vendor/laravel/framework/src/Illuminate/Container/Container.php(651): Illuminate\\Container\\BoundMethod::call(Object(Illuminate\\Foundation\\Application), Array, Array, NULL)
#19 /opt/lampp/htdocs/applications/rental-system/vendor/laravel/framework/src/Illuminate/Database/Seeder.php(184): Illuminate\\Container\\Container->call(Array, Array)
#20 /opt/lampp/htdocs/applications/rental-system/vendor/laravel/framework/src/Illuminate/Database/Seeder.php(193): Illuminate\\Database\\Seeder->Illuminate\\Database\\{closure}()
#21 /opt/lampp/htdocs/applications/rental-system/vendor/laravel/framework/src/Illuminate/Database/Console/Seeds/SeedCommand.php(81): Illuminate\\Database\\Seeder->__invoke()
#22 /opt/lampp/htdocs/applications/rental-system/vendor/laravel/framework/src/Illuminate/Database/Eloquent/Concerns/GuardsAttributes.php(155): Illuminate\\Database\\Console\\Seeds\\SeedCommand->Illuminate\\Database\\Console\\Seeds\\{closure}()
#23 /opt/lampp/htdocs/applications/rental-system/vendor/laravel/framework/src/Illuminate/Database/Console/Seeds/SeedCommand.php(82): Illuminate\\Database\\Eloquent\\Model::unguarded(Object(Closure))
#24 /opt/lampp/htdocs/applications/rental-system/vendor/laravel/framework/src/Illuminate/Container/BoundMethod.php(36): Illuminate\\Database\\Console\\Seeds\\SeedCommand->handle()
#25 /opt/lampp/htdocs/applications/rental-system/vendor/laravel/framework/src/Illuminate/Container/Util.php(41): Illuminate\\Container\\BoundMethod::Illuminate\\Container\\{closure}()
#26 /opt/lampp/htdocs/applications/rental-system/vendor/laravel/framework/src/Illuminate/Container/BoundMethod.php(93): Illuminate\\Container\\Util::unwrapIfClosure(Object(Closure))
#27 /opt/lampp/htdocs/applications/rental-system/vendor/laravel/framework/src/Illuminate/Container/BoundMethod.php(37): Illuminate\\Container\\BoundMethod::callBoundMethod(Object(Illuminate\\Foundation\\Application), Array, Object(Closure))
#28 /opt/lampp/htdocs/applications/rental-system/vendor/laravel/framework/src/Illuminate/Container/Container.php(651): Illuminate\\Container\\BoundMethod::call(Object(Illuminate\\Foundation\\Application), Array, Array, NULL)
#29 /opt/lampp/htdocs/applications/rental-system/vendor/laravel/framework/src/Illuminate/Console/Command.php(139): Illuminate\\Container\\Container->call(Array)
#30 /opt/lampp/htdocs/applications/rental-system/vendor/symfony/console/Command/Command.php(308): Illuminate\\Console\\Command->execute(Object(Symfony\\Component\\Console\\Input\\ArgvInput), Object(Illuminate\\Console\\OutputStyle))
#31 /opt/lampp/htdocs/applications/rental-system/vendor/laravel/framework/src/Illuminate/Console/Command.php(124): Symfony\\Component\\Console\\Command\\Command->run(Object(Symfony\\Component\\Console\\Input\\ArgvInput), Object(Illuminate\\Console\\OutputStyle))
#32 /opt/lampp/htdocs/applications/rental-system/vendor/symfony/console/Application.php(1002): Illuminate\\Console\\Command->run(Object(Symfony\\Component\\Console\\Input\\ArgvInput), Object(Symfony\\Component\\Console\\Output\\ConsoleOutput))
#33 /opt/lampp/htdocs/applications/rental-system/vendor/symfony/console/Application.php(299): Symfony\\Component\\Console\\Application->doRunCommand(Object(Illuminate\\Database\\Console\\Seeds\\SeedCommand), Object(Symfony\\Component\\Console\\Input\\ArgvInput), Object(Symfony\\Component\\Console\\Output\\ConsoleOutput))
#34 /opt/lampp/htdocs/applications/rental-system/vendor/symfony/console/Application.php(171): Symfony\\Component\\Console\\Application->doRun(Object(Symfony\\Component\\Console\\Input\\ArgvInput), Object(Symfony\\Component\\Console\\Output\\ConsoleOutput))
#35 /opt/lampp/htdocs/applications/rental-system/vendor/laravel/framework/src/Illuminate/Console/Application.php(102): Symfony\\Component\\Console\\Application->run(Object(Symfony\\Component\\Console\\Input\\ArgvInput), Object(Symfony\\Component\\Console\\Output\\ConsoleOutput))
#36 /opt/lampp/htdocs/applications/rental-system/vendor/laravel/framework/src/Illuminate/Foundation/Console/Kernel.php(129): Illuminate\\Console\\Application->run(Object(Symfony\\Component\\Console\\Input\\ArgvInput), Object(Symfony\\Component\\Console\\Output\\ConsoleOutput))
#37 /opt/lampp/htdocs/applications/rental-system/artisan(37): Illuminate\\Foundation\\Console\\Kernel->handle(Object(Symfony\\Component\\Console\\Input\\ArgvInput), Object(Symfony\\Component\\Console\\Output\\ConsoleOutput))
#38 {main}

[previous exception] [object] (PDOException(code: 22001): SQLSTATE[22001]: String data, right truncated: 1406 Data too long for column 'name' at row 1 at /opt/lampp/htdocs/applications/rental-system/vendor/laravel/framework/src/Illuminate/Database/Connection.php:544)
[stacktrace]
#0 /opt/lampp/htdocs/applications/rental-system/vendor/laravel/framework/src/Illuminate/Database/Connection.php(544): PDOStatement->execute()
#1 /opt/lampp/htdocs/applications/rental-system/vendor/laravel/framework/src/Illuminate/Database/Connection.php(752): Illuminate\\Database\\Connection->Illuminate\\Database\\{closure}('insert into `eq...', Array)
#2 /opt/lampp/htdocs/applications/rental-system/vendor/laravel/framework/src/Illuminate/Database/Connection.php(719): Illuminate\\Database\\Connection->runQueryCallback('insert into `eq...', Array, Object(Closure))
#3 /opt/lampp/htdocs/applications/rental-system/vendor/laravel/framework/src/Illuminate/Database/Connection.php(545): Illuminate\\Database\\Connection->run('insert into `eq...', Array, Object(Closure))
#4 /opt/lampp/htdocs/applications/rental-system/vendor/laravel/framework/src/Illuminate/Database/Connection.php(497): Illuminate\\Database\\Connection->statement('insert into `eq...', Array)
#5 /opt/lampp/htdocs/applications/rental-system/vendor/laravel/framework/src/Illuminate/Database/Query/Processors/Processor.php(32): Illuminate\\Database\\Connection->insert('insert into `eq...', Array)
#6 /opt/lampp/htdocs/applications/rental-system/vendor/laravel/framework/src/Illuminate/Database/Query/Builder.php(3246): Illuminate\\Database\\Query\\Processors\\Processor->processInsertGetId(Object(Illuminate\\Database\\Query\\Builder), 'insert into `eq...', Array, 'id')
#7 /opt/lampp/htdocs/applications/rental-system/vendor/laravel/framework/src/Illuminate/Database/Eloquent/Builder.php(1858): Illuminate\\Database\\Query\\Builder->insertGetId(Array, 'id')
#8 /opt/lampp/htdocs/applications/rental-system/vendor/laravel/framework/src/Illuminate/Database/Eloquent/Model.php(1216): Illuminate\\Database\\Eloquent\\Builder->__call('insertGetId', Array)
#9 /opt/lampp/htdocs/applications/rental-system/vendor/laravel/framework/src/Illuminate/Database/Eloquent/Model.php(1181): Illuminate\\Database\\Eloquent\\Model->insertAndSetId(Object(Illuminate\\Database\\Eloquent\\Builder), Array)
#10 /opt/lampp/htdocs/applications/rental-system/vendor/laravel/framework/src/Illuminate/Database/Eloquent/Model.php(1022): Illuminate\\Database\\Eloquent\\Model->performInsert(Object(Illuminate\\Database\\Eloquent\\Builder))
#11 /opt/lampp/htdocs/applications/rental-system/vendor/laravel/framework/src/Illuminate/Database/Eloquent/Factories/Factory.php(319): Illuminate\\Database\\Eloquent\\Model->save()
#12 /opt/lampp/htdocs/applications/rental-system/vendor/laravel/framework/src/Illuminate/Collections/Traits/EnumeratesValues.php(262): Illuminate\\Database\\Eloquent\\Factories\\Factory->Illuminate\\Database\\Eloquent\\Factories\\{closure}(Object(App\\Models\\Equipment), 27)
#13 /opt/lampp/htdocs/applications/rental-system/vendor/laravel/framework/src/Illuminate/Database/Eloquent/Factories/Factory.php(322): Illuminate\\Support\\Collection->each(Object(Closure))
#14 /opt/lampp/htdocs/applications/rental-system/vendor/laravel/framework/src/Illuminate/Database/Eloquent/Factories/Factory.php(272): Illuminate\\Database\\Eloquent\\Factories\\Factory->store(Object(Illuminate\\Database\\Eloquent\\Collection))
#15 /opt/lampp/htdocs/applications/rental-system/database/seeders/EquipmentSeeder.php(18): Illuminate\\Database\\Eloquent\\Factories\\Factory->create()
#16 /opt/lampp/htdocs/applications/rental-system/vendor/laravel/framework/src/Illuminate/Container/BoundMethod.php(36): Database\\Seeders\\EquipmentSeeder->run()
#17 /opt/lampp/htdocs/applications/rental-system/vendor/laravel/framework/src/Illuminate/Container/Util.php(41): Illuminate\\Container\\BoundMethod::Illuminate\\Container\\{closure}()
#18 /opt/lampp/htdocs/applications/rental-system/vendor/laravel/framework/src/Illuminate/Container/BoundMethod.php(93): Illuminate\\Container\\Util::unwrapIfClosure(Object(Closure))
#19 /opt/lampp/htdocs/applications/rental-system/vendor/laravel/framework/src/Illuminate/Container/BoundMethod.php(37): Illuminate\\Container\\BoundMethod::callBoundMethod(Object(Illuminate\\Foundation\\Application), Array, Object(Closure))
#20 /opt/lampp/htdocs/applications/rental-system/vendor/laravel/framework/src/Illuminate/Container/Container.php(651): Illuminate\\Container\\BoundMethod::call(Object(Illuminate\\Foundation\\Application), Array, Array, NULL)
#21 /opt/lampp/htdocs/applications/rental-system/vendor/laravel/framework/src/Illuminate/Database/Seeder.php(184): Illuminate\\Container\\Container->call(Array, Array)
#22 /opt/lampp/htdocs/applications/rental-system/vendor/laravel/framework/src/Illuminate/Database/Seeder.php(193): Illuminate\\Database\\Seeder->Illuminate\\Database\\{closure}()
#23 /opt/lampp/htdocs/applications/rental-system/vendor/laravel/framework/src/Illuminate/Database/Console/Seeds/SeedCommand.php(81): Illuminate\\Database\\Seeder->__invoke()
#24 /opt/lampp/htdocs/applications/rental-system/vendor/laravel/framework/src/Illuminate/Database/Eloquent/Concerns/GuardsAttributes.php(155): Illuminate\\Database\\Console\\Seeds\\SeedCommand->Illuminate\\Database\\Console\\Seeds\\{closure}()
#25 /opt/lampp/htdocs/applications/rental-system/vendor/laravel/framework/src/Illuminate/Database/Console/Seeds/SeedCommand.php(82): Illuminate\\Database\\Eloquent\\Model::unguarded(Object(Closure))
#26 /opt/lampp/htdocs/applications/rental-system/vendor/laravel/framework/src/Illuminate/Container/BoundMethod.php(36): Illuminate\\Database\\Console\\Seeds\\SeedCommand->handle()
#27 /opt/lampp/htdocs/applications/rental-system/vendor/laravel/framework/src/Illuminate/Container/Util.php(41): Illuminate\\Container\\BoundMethod::Illuminate\\Container\\{closure}()
#28 /opt/lampp/htdocs/applications/rental-system/vendor/laravel/framework/src/Illuminate/Container/BoundMethod.php(93): Illuminate\\Container\\Util::unwrapIfClosure(Object(Closure))
#29 /opt/lampp/htdocs/applications/rental-system/vendor/laravel/framework/src/Illuminate/Container/BoundMethod.php(37): Illuminate\\Container\\BoundMethod::callBoundMethod(Object(Illuminate\\Foundation\\Application), Array, Object(Closure))
#30 /opt/lampp/htdocs/applications/rental-system/vendor/laravel/framework/src/Illuminate/Container/Container.php(651): Illuminate\\Container\\BoundMethod::call(Object(Illuminate\\Foundation\\Application), Array, Array, NULL)
#31 /opt/lampp/htdocs/applications/rental-system/vendor/laravel/framework/src/Illuminate/Console/Command.php(139): Illuminate\\Container\\Container->call(Array)
#32 /opt/lampp/htdocs/applications/rental-system/vendor/symfony/console/Command/Command.php(308): Illuminate\\Console\\Command->execute(Object(Symfony\\Component\\Console\\Input\\ArgvInput), Object(Illuminate\\Console\\OutputStyle))
#33 /opt/lampp/htdocs/applications/rental-system/vendor/laravel/framework/src/Illuminate/Console/Command.php(124): Symfony\\Component\\Console\\Command\\Command->run(Object(Symfony\\Component\\Console\\Input\\ArgvInput), Object(Illuminate\\Console\\OutputStyle))
#34 /opt/lampp/htdocs/applications/rental-system/vendor/symfony/console/Application.php(1002): Illuminate\\Console\\Command->run(Object(Symfony\\Component\\Console\\Input\\ArgvInput), Object(Symfony\\Component\\Console\\Output\\ConsoleOutput))
#35 /opt/lampp/htdocs/applications/rental-system/vendor/symfony/console/Application.php(299): Symfony\\Component\\Console\\Application->doRunCommand(Object(Illuminate\\Database\\Console\\Seeds\\SeedCommand), Object(Symfony\\Component\\Console\\Input\\ArgvInput), Object(Symfony\\Component\\Console\\Output\\ConsoleOutput))
#36 /opt/lampp/htdocs/applications/rental-system/vendor/symfony/console/Application.php(171): Symfony\\Component\\Console\\Application->doRun(Object(Symfony\\Component\\Console\\Input\\ArgvInput), Object(Symfony\\Component\\Console\\Output\\ConsoleOutput))
#37 /opt/lampp/htdocs/applications/rental-system/vendor/laravel/framework/src/Illuminate/Console/Application.php(102): Symfony\\Component\\Console\\Application->run(Object(Symfony\\Component\\Console\\Input\\ArgvInput), Object(Symfony\\Component\\Console\\Output\\ConsoleOutput))
#38 /opt/lampp/htdocs/applications/rental-system/vendor/laravel/framework/src/Illuminate/Foundation/Console/Kernel.php(129): Illuminate\\Console\\Application->run(Object(Symfony\\Component\\Console\\Input\\ArgvInput), Object(Symfony\\Component\\Console\\Output\\ConsoleOutput))
#39 /opt/lampp/htdocs/applications/rental-system/artisan(37): Illuminate\\Foundation\\Console\\Kernel->handle(Object(Symfony\\Component\\Console\\Input\\ArgvInput), Object(Symfony\\Component\\Console\\Output\\ConsoleOutput))
#40 {main}
"} 
[2022-08-29 22:11:59] local.ERROR: syntax error, unexpected token "->", expecting ")" {"exception":"[object] (ParseError(code: 0): syntax error, unexpected token \"->\", expecting \")\" at /opt/lampp/htdocs/applications/rental-system/database/factories/EquipmentFactory.php:21)
[stacktrace]
#0 /opt/lampp/htdocs/applications/rental-system/vendor/composer/ClassLoader.php(428): Composer\\Autoload\\includeFile('/opt/lampp/htdo...')
#1 /opt/lampp/htdocs/applications/rental-system/vendor/laravel/framework/src/Illuminate/Database/Eloquent/Factories/Factory.php(772): Composer\\Autoload\\ClassLoader->loadClass('Database\\\\Factor...')
#2 /opt/lampp/htdocs/applications/rental-system/vendor/laravel/framework/src/Illuminate/Database/Eloquent/Factories/HasFactory.php(16): Illuminate\\Database\\Eloquent\\Factories\\Factory::factoryForModel('App\\\\Models\\\\Equi...')
#3 /opt/lampp/htdocs/applications/rental-system/database/seeders/EquipmentSeeder.php(18): App\\Models\\Equipment::factory()
#4 /opt/lampp/htdocs/applications/rental-system/vendor/laravel/framework/src/Illuminate/Container/BoundMethod.php(36): Database\\Seeders\\EquipmentSeeder->run()
#5 /opt/lampp/htdocs/applications/rental-system/vendor/laravel/framework/src/Illuminate/Container/Util.php(41): Illuminate\\Container\\BoundMethod::Illuminate\\Container\\{closure}()
#6 /opt/lampp/htdocs/applications/rental-system/vendor/laravel/framework/src/Illuminate/Container/BoundMethod.php(93): Illuminate\\Container\\Util::unwrapIfClosure(Object(Closure))
#7 /opt/lampp/htdocs/applications/rental-system/vendor/laravel/framework/src/Illuminate/Container/BoundMethod.php(37): Illuminate\\Container\\BoundMethod::callBoundMethod(Object(Illuminate\\Foundation\\Application), Array, Object(Closure))
#8 /opt/lampp/htdocs/applications/rental-system/vendor/laravel/framework/src/Illuminate/Container/Container.php(651): Illuminate\\Container\\BoundMethod::call(Object(Illuminate\\Foundation\\Application), Array, Array, NULL)
#9 /opt/lampp/htdocs/applications/rental-system/vendor/laravel/framework/src/Illuminate/Database/Seeder.php(184): Illuminate\\Container\\Container->call(Array, Array)
#10 /opt/lampp/htdocs/applications/rental-system/vendor/laravel/framework/src/Illuminate/Database/Seeder.php(193): Illuminate\\Database\\Seeder->Illuminate\\Database\\{closure}()
#11 /opt/lampp/htdocs/applications/rental-system/vendor/laravel/framework/src/Illuminate/Database/Console/Seeds/SeedCommand.php(81): Illuminate\\Database\\Seeder->__invoke()
#12 /opt/lampp/htdocs/applications/rental-system/vendor/laravel/framework/src/Illuminate/Database/Eloquent/Concerns/GuardsAttributes.php(155): Illuminate\\Database\\Console\\Seeds\\SeedCommand->Illuminate\\Database\\Console\\Seeds\\{closure}()
#13 /opt/lampp/htdocs/applications/rental-system/vendor/laravel/framework/src/Illuminate/Database/Console/Seeds/SeedCommand.php(82): Illuminate\\Database\\Eloquent\\Model::unguarded(Object(Closure))
#14 /opt/lampp/htdocs/applications/rental-system/vendor/laravel/framework/src/Illuminate/Container/BoundMethod.php(36): Illuminate\\Database\\Console\\Seeds\\SeedCommand->handle()
#15 /opt/lampp/htdocs/applications/rental-system/vendor/laravel/framework/src/Illuminate/Container/Util.php(41): Illuminate\\Container\\BoundMethod::Illuminate\\Container\\{closure}()
#16 /opt/lampp/htdocs/applications/rental-system/vendor/laravel/framework/src/Illuminate/Container/BoundMethod.php(93): Illuminate\\Container\\Util::unwrapIfClosure(Object(Closure))
#17 /opt/lampp/htdocs/applications/rental-system/vendor/laravel/framework/src/Illuminate/Container/BoundMethod.php(37): Illuminate\\Container\\BoundMethod::callBoundMethod(Object(Illuminate\\Foundation\\Application), Array, Object(Closure))
#18 /opt/lampp/htdocs/applications/rental-system/vendor/laravel/framework/src/Illuminate/Container/Container.php(651): Illuminate\\Container\\BoundMethod::call(Object(Illuminate\\Foundation\\Application), Array, Array, NULL)
#19 /opt/lampp/htdocs/applications/rental-system/vendor/laravel/framework/src/Illuminate/Console/Command.php(139): Illuminate\\Container\\Container->call(Array)
#20 /opt/lampp/htdocs/applications/rental-system/vendor/symfony/console/Command/Command.php(308): Illuminate\\Console\\Command->execute(Object(Symfony\\Component\\Console\\Input\\ArgvInput), Object(Illuminate\\Console\\OutputStyle))
#21 /opt/lampp/htdocs/applications/rental-system/vendor/laravel/framework/src/Illuminate/Console/Command.php(124): Symfony\\Component\\Console\\Command\\Command->run(Object(Symfony\\Component\\Console\\Input\\ArgvInput), Object(Illuminate\\Console\\OutputStyle))
#22 /opt/lampp/htdocs/applications/rental-system/vendor/symfony/console/Application.php(1002): Illuminate\\Console\\Command->run(Object(Symfony\\Component\\Console\\Input\\ArgvInput), Object(Symfony\\Component\\Console\\Output\\ConsoleOutput))
#23 /opt/lampp/htdocs/applications/rental-system/vendor/symfony/console/Application.php(299): Symfony\\Component\\Console\\Application->doRunCommand(Object(Illuminate\\Database\\Console\\Seeds\\SeedCommand), Object(Symfony\\Component\\Console\\Input\\ArgvInput), Object(Symfony\\Component\\Console\\Output\\ConsoleOutput))
#24 /opt/lampp/htdocs/applications/rental-system/vendor/symfony/console/Application.php(171): Symfony\\Component\\Console\\Application->doRun(Object(Symfony\\Component\\Console\\Input\\ArgvInput), Object(Symfony\\Component\\Console\\Output\\ConsoleOutput))
#25 /opt/lampp/htdocs/applications/rental-system/vendor/laravel/framework/src/Illuminate/Console/Application.php(102): Symfony\\Component\\Console\\Application->run(Object(Symfony\\Component\\Console\\Input\\ArgvInput), Object(Symfony\\Component\\Console\\Output\\ConsoleOutput))
#26 /opt/lampp/htdocs/applications/rental-system/vendor/laravel/framework/src/Illuminate/Foundation/Console/Kernel.php(129): Illuminate\\Console\\Application->run(Object(Symfony\\Component\\Console\\Input\\ArgvInput), Object(Symfony\\Component\\Console\\Output\\ConsoleOutput))
#27 /opt/lampp/htdocs/applications/rental-system/artisan(37): Illuminate\\Foundation\\Console\\Kernel->handle(Object(Symfony\\Component\\Console\\Input\\ArgvInput), Object(Symfony\\Component\\Console\\Output\\ConsoleOutput))
#28 {main}
"} 
[2022-08-29 22:12:43] local.ERROR: Illuminate\Database\Grammar::parameterize(): Argument #1 ($values) must be of type array, string given, called in /opt/lampp/htdocs/applications/rental-system/vendor/laravel/framework/src/Illuminate/Database/Query/Grammars/Grammar.php on line 1010 {"exception":"[object] (TypeError(code: 0): Illuminate\\Database\\Grammar::parameterize(): Argument #1 ($values) must be of type array, string given, called in /opt/lampp/htdocs/applications/rental-system/vendor/laravel/framework/src/Illuminate/Database/Query/Grammars/Grammar.php on line 1010 at /opt/lampp/htdocs/applications/rental-system/vendor/laravel/framework/src/Illuminate/Database/Grammar.php:168)
[stacktrace]
#0 /opt/lampp/htdocs/applications/rental-system/vendor/laravel/framework/src/Illuminate/Database/Query/Grammars/Grammar.php(1010): Illuminate\\Database\\Grammar->parameterize('Ferry PLC')
#1 [internal function]: Illuminate\\Database\\Query\\Grammars\\Grammar->Illuminate\\Database\\Query\\Grammars\\{closure}('Ferry PLC', 'manufacturer')
#2 /opt/lampp/htdocs/applications/rental-system/vendor/laravel/framework/src/Illuminate/Collections/Arr.php(560): array_map(Object(Closure), Array, Array)
#3 /opt/lampp/htdocs/applications/rental-system/vendor/laravel/framework/src/Illuminate/Collections/Collection.php(719): Illuminate\\Support\\Arr::map(Array, Object(Closure))
#4 /opt/lampp/htdocs/applications/rental-system/vendor/laravel/framework/src/Illuminate/Database/Query/Grammars/Grammar.php(1011): Illuminate\\Support\\Collection->map(Object(Closure))
#5 /opt/lampp/htdocs/applications/rental-system/vendor/laravel/framework/src/Illuminate/Database/Query/Grammars/MySqlGrammar.php(171): Illuminate\\Database\\Query\\Grammars\\Grammar->compileInsert(Object(Illuminate\\Database\\Query\\Builder), Array)
#6 /opt/lampp/htdocs/applications/rental-system/vendor/laravel/framework/src/Illuminate/Database/Query/Grammars/Grammar.php(1040): Illuminate\\Database\\Query\\Grammars\\MySqlGrammar->compileInsert(Object(Illuminate\\Database\\Query\\Builder), Array)
#7 /opt/lampp/htdocs/applications/rental-system/vendor/laravel/framework/src/Illuminate/Database/Query/Builder.php(3242): Illuminate\\Database\\Query\\Grammars\\Grammar->compileInsertGetId(Object(Illuminate\\Database\\Query\\Builder), Array, 'id')
#8 /opt/lampp/htdocs/applications/rental-system/vendor/laravel/framework/src/Illuminate/Database/Eloquent/Builder.php(1858): Illuminate\\Database\\Query\\Builder->insertGetId(Array, 'id')
#9 /opt/lampp/htdocs/applications/rental-system/vendor/laravel/framework/src/Illuminate/Database/Eloquent/Model.php(1216): Illuminate\\Database\\Eloquent\\Builder->__call('insertGetId', Array)
#10 /opt/lampp/htdocs/applications/rental-system/vendor/laravel/framework/src/Illuminate/Database/Eloquent/Model.php(1181): Illuminate\\Database\\Eloquent\\Model->insertAndSetId(Object(Illuminate\\Database\\Eloquent\\Builder), Array)
#11 /opt/lampp/htdocs/applications/rental-system/vendor/laravel/framework/src/Illuminate/Database/Eloquent/Model.php(1022): Illuminate\\Database\\Eloquent\\Model->performInsert(Object(Illuminate\\Database\\Eloquent\\Builder))
#12 /opt/lampp/htdocs/applications/rental-system/vendor/laravel/framework/src/Illuminate/Database/Eloquent/Factories/Factory.php(319): Illuminate\\Database\\Eloquent\\Model->save()
#13 /opt/lampp/htdocs/applications/rental-system/vendor/laravel/framework/src/Illuminate/Collections/Traits/EnumeratesValues.php(262): Illuminate\\Database\\Eloquent\\Factories\\Factory->Illuminate\\Database\\Eloquent\\Factories\\{closure}(Object(App\\Models\\Equipment), 0)
#14 /opt/lampp/htdocs/applications/rental-system/vendor/laravel/framework/src/Illuminate/Database/Eloquent/Factories/Factory.php(322): Illuminate\\Support\\Collection->each(Object(Closure))
#15 /opt/lampp/htdocs/applications/rental-system/vendor/laravel/framework/src/Illuminate/Database/Eloquent/Factories/Factory.php(272): Illuminate\\Database\\Eloquent\\Factories\\Factory->store(Object(Illuminate\\Database\\Eloquent\\Collection))
#16 /opt/lampp/htdocs/applications/rental-system/database/seeders/EquipmentSeeder.php(18): Illuminate\\Database\\Eloquent\\Factories\\Factory->create()
#17 /opt/lampp/htdocs/applications/rental-system/vendor/laravel/framework/src/Illuminate/Container/BoundMethod.php(36): Database\\Seeders\\EquipmentSeeder->run()
#18 /opt/lampp/htdocs/applications/rental-system/vendor/laravel/framework/src/Illuminate/Container/Util.php(41): Illuminate\\Container\\BoundMethod::Illuminate\\Container\\{closure}()
#19 /opt/lampp/htdocs/applications/rental-system/vendor/laravel/framework/src/Illuminate/Container/BoundMethod.php(93): Illuminate\\Container\\Util::unwrapIfClosure(Object(Closure))
#20 /opt/lampp/htdocs/applications/rental-system/vendor/laravel/framework/src/Illuminate/Container/BoundMethod.php(37): Illuminate\\Container\\BoundMethod::callBoundMethod(Object(Illuminate\\Foundation\\Application), Array, Object(Closure))
#21 /opt/lampp/htdocs/applications/rental-system/vendor/laravel/framework/src/Illuminate/Container/Container.php(651): Illuminate\\Container\\BoundMethod::call(Object(Illuminate\\Foundation\\Application), Array, Array, NULL)
#22 /opt/lampp/htdocs/applications/rental-system/vendor/laravel/framework/src/Illuminate/Database/Seeder.php(184): Illuminate\\Container\\Container->call(Array, Array)
#23 /opt/lampp/htdocs/applications/rental-system/vendor/laravel/framework/src/Illuminate/Database/Seeder.php(193): Illuminate\\Database\\Seeder->Illuminate\\Database\\{closure}()
#24 /opt/lampp/htdocs/applications/rental-system/vendor/laravel/framework/src/Illuminate/Database/Console/Seeds/SeedCommand.php(81): Illuminate\\Database\\Seeder->__invoke()
#25 /opt/lampp/htdocs/applications/rental-system/vendor/laravel/framework/src/Illuminate/Database/Eloquent/Concerns/GuardsAttributes.php(155): Illuminate\\Database\\Console\\Seeds\\SeedCommand->Illuminate\\Database\\Console\\Seeds\\{closure}()
#26 /opt/lampp/htdocs/applications/rental-system/vendor/laravel/framework/src/Illuminate/Database/Console/Seeds/SeedCommand.php(82): Illuminate\\Database\\Eloquent\\Model::unguarded(Object(Closure))
#27 /opt/lampp/htdocs/applications/rental-system/vendor/laravel/framework/src/Illuminate/Container/BoundMethod.php(36): Illuminate\\Database\\Console\\Seeds\\SeedCommand->handle()
#28 /opt/lampp/htdocs/applications/rental-system/vendor/laravel/framework/src/Illuminate/Container/Util.php(41): Illuminate\\Container\\BoundMethod::Illuminate\\Container\\{closure}()
#29 /opt/lampp/htdocs/applications/rental-system/vendor/laravel/framework/src/Illuminate/Container/BoundMethod.php(93): Illuminate\\Container\\Util::unwrapIfClosure(Object(Closure))
#30 /opt/lampp/htdocs/applications/rental-system/vendor/laravel/framework/src/Illuminate/Container/BoundMethod.php(37): Illuminate\\Container\\BoundMethod::callBoundMethod(Object(Illuminate\\Foundation\\Application), Array, Object(Closure))
#31 /opt/lampp/htdocs/applications/rental-system/vendor/laravel/framework/src/Illuminate/Container/Container.php(651): Illuminate\\Container\\BoundMethod::call(Object(Illuminate\\Foundation\\Application), Array, Array, NULL)
#32 /opt/lampp/htdocs/applications/rental-system/vendor/laravel/framework/src/Illuminate/Console/Command.php(139): Illuminate\\Container\\Container->call(Array)
#33 /opt/lampp/htdocs/applications/rental-system/vendor/symfony/console/Command/Command.php(308): Illuminate\\Console\\Command->execute(Object(Symfony\\Component\\Console\\Input\\ArgvInput), Object(Illuminate\\Console\\OutputStyle))
#34 /opt/lampp/htdocs/applications/rental-system/vendor/laravel/framework/src/Illuminate/Console/Command.php(124): Symfony\\Component\\Console\\Command\\Command->run(Object(Symfony\\Component\\Console\\Input\\ArgvInput), Object(Illuminate\\Console\\OutputStyle))
#35 /opt/lampp/htdocs/applications/rental-system/vendor/symfony/console/Application.php(1002): Illuminate\\Console\\Command->run(Object(Symfony\\Component\\Console\\Input\\ArgvInput), Object(Symfony\\Component\\Console\\Output\\ConsoleOutput))
#36 /opt/lampp/htdocs/applications/rental-system/vendor/symfony/console/Application.php(299): Symfony\\Component\\Console\\Application->doRunCommand(Object(Illuminate\\Database\\Console\\Seeds\\SeedCommand), Object(Symfony\\Component\\Console\\Input\\ArgvInput), Object(Symfony\\Component\\Console\\Output\\ConsoleOutput))
#37 /opt/lampp/htdocs/applications/rental-system/vendor/symfony/console/Application.php(171): Symfony\\Component\\Console\\Application->doRun(Object(Symfony\\Component\\Console\\Input\\ArgvInput), Object(Symfony\\Component\\Console\\Output\\ConsoleOutput))
#38 /opt/lampp/htdocs/applications/rental-system/vendor/laravel/framework/src/Illuminate/Console/Application.php(102): Symfony\\Component\\Console\\Application->run(Object(Symfony\\Component\\Console\\Input\\ArgvInput), Object(Symfony\\Component\\Console\\Output\\ConsoleOutput))
#39 /opt/lampp/htdocs/applications/rental-system/vendor/laravel/framework/src/Illuminate/Foundation/Console/Kernel.php(129): Illuminate\\Console\\Application->run(Object(Symfony\\Component\\Console\\Input\\ArgvInput), Object(Symfony\\Component\\Console\\Output\\ConsoleOutput))
#40 /opt/lampp/htdocs/applications/rental-system/artisan(37): Illuminate\\Foundation\\Console\\Kernel->handle(Object(Symfony\\Component\\Console\\Input\\ArgvInput), Object(Symfony\\Component\\Console\\Output\\ConsoleOutput))
#41 {main}
"} 
